========================================
FinWise All-in-One Launcher
========================================
Stopping any running instances...
Starting Python backend...
Requirement already satisfied: flask==2.3.3 in ./venv/lib/python3.12/site-packages (from -r requirements.txt (line 1)) (2.3.3)
Requirement already satisfied: flask-cors==4.0.0 in ./venv/lib/python3.12/site-packages (from -r requirements.txt (line 2)) (4.0.0)
Requirement already satisfied: google-generativeai==0.3.2 in ./venv/lib/python3.12/site-packages (from -r requirements.txt (line 3)) (0.3.2)
Requirement already satisfied: python-dotenv==1.0.0 in ./venv/lib/python3.12/site-packages (from -r requirements.txt (line 4)) (1.0.0)
Requirement already satisfied: requests==2.31.0 in ./venv/lib/python3.12/site-packages (from -r requirements.txt (line 5)) (2.31.0)
Requirement already satisfied: pytz==2023.3 in ./venv/lib/python3.12/site-packages (from -r requirements.txt (line 6)) (2023.3)
Requirement already satisfied: Werkzeug>=2.3.7 in ./venv/lib/python3.12/site-packages (from flask==2.3.3->-r requirements.txt (line 1)) (3.1.3)
Requirement already satisfied: Jinja2>=3.1.2 in ./venv/lib/python3.12/site-packages (from flask==2.3.3->-r requirements.txt (line 1)) (3.1.6)
Requirement already satisfied: itsdangerous>=2.1.2 in ./venv/lib/python3.12/site-packages (from flask==2.3.3->-r requirements.txt (line 1)) (2.2.0)
Requirement already satisfied: click>=8.1.3 in ./venv/lib/python3.12/site-packages (from flask==2.3.3->-r requirements.txt (line 1)) (8.1.8)
Requirement already satisfied: blinker>=1.6.2 in ./venv/lib/python3.12/site-packages (from flask==2.3.3->-r requirements.txt (line 1)) (1.9.0)
Requirement already satisfied: google-ai-generativelanguage==0.4.0 in ./venv/lib/python3.12/site-packages (from google-generativeai==0.3.2->-r requirements.txt (line 3)) (0.4.0)
Requirement already satisfied: google-auth in ./venv/lib/python3.12/site-packages (from google-generativeai==0.3.2->-r requirements.txt (line 3)) (2.38.0)
Requirement already satisfied: google-api-core in ./venv/lib/python3.12/site-packages (from google-generativeai==0.3.2->-r requirements.txt (line 3)) (2.24.2)
Requirement already satisfied: typing-extensions in ./venv/lib/python3.12/site-packages (from google-generativeai==0.3.2->-r requirements.txt (line 3)) (4.12.2)
Requirement already satisfied: protobuf in ./venv/lib/python3.12/site-packages (from google-generativeai==0.3.2->-r requirements.txt (line 3)) (4.25.6)
Requirement already satisfied: tqdm in ./venv/lib/python3.12/site-packages (from google-generativeai==0.3.2->-r requirements.txt (line 3)) (4.67.1)
Requirement already satisfied: charset-normalizer<4,>=2 in ./venv/lib/python3.12/site-packages (from requests==2.31.0->-r requirements.txt (line 5)) (3.4.1)
Requirement already satisfied: idna<4,>=2.5 in ./venv/lib/python3.12/site-packages (from requests==2.31.0->-r requirements.txt (line 5)) (3.10)
Requirement already satisfied: urllib3<3,>=1.21.1 in ./venv/lib/python3.12/site-packages (from requests==2.31.0->-r requirements.txt (line 5)) (2.3.0)
Requirement already satisfied: certifi>=2017.4.17 in ./venv/lib/python3.12/site-packages (from requests==2.31.0->-r requirements.txt (line 5)) (2025.1.31)
Requirement already satisfied: proto-plus<2.0.0dev,>=1.22.3 in ./venv/lib/python3.12/site-packages (from google-ai-generativelanguage==0.4.0->google-generativeai==0.3.2->-r requirements.txt (line 3)) (1.26.1)
Requirement already satisfied: googleapis-common-protos<2.0.0,>=1.56.2 in ./venv/lib/python3.12/site-packages (from google-api-core->google-generativeai==0.3.2->-r requirements.txt (line 3)) (1.69.2)
Requirement already satisfied: cachetools<6.0,>=2.0.0 in ./venv/lib/python3.12/site-packages (from google-auth->google-generativeai==0.3.2->-r requirements.txt (line 3)) (5.5.2)
Requirement already satisfied: pyasn1-modules>=0.2.1 in ./venv/lib/python3.12/site-packages (from google-auth->google-generativeai==0.3.2->-r requirements.txt (line 3)) (0.4.1)
Requirement already satisfied: rsa<5,>=3.1.4 in ./venv/lib/python3.12/site-packages (from google-auth->google-generativeai==0.3.2->-r requirements.txt (line 3)) (4.9)
Requirement already satisfied: MarkupSafe>=2.0 in ./venv/lib/python3.12/site-packages (from Jinja2>=3.1.2->flask==2.3.3->-r requirements.txt (line 1)) (3.0.2)
Requirement already satisfied: grpcio<2.0dev,>=1.33.2 in ./venv/lib/python3.12/site-packages (from google-api-core[grpc]!=2.0.*,!=2.1.*,!=2.10.*,!=2.2.*,!=2.3.*,!=2.4.*,!=2.5.*,!=2.6.*,!=2.7.*,!=2.8.*,!=2.9.*,<3.0.0dev,>=1.34.0->google-ai-generativelanguage==0.4.0->google-generativeai==0.3.2->-r requirements.txt (line 3)) (1.71.0)
Requirement already satisfied: grpcio-status<2.0.dev0,>=1.33.2 in ./venv/lib/python3.12/site-packages (from google-api-core[grpc]!=2.0.*,!=2.1.*,!=2.10.*,!=2.2.*,!=2.3.*,!=2.4.*,!=2.5.*,!=2.6.*,!=2.7.*,!=2.8.*,!=2.9.*,<3.0.0dev,>=1.34.0->google-ai-generativelanguage==0.4.0->google-generativeai==0.3.2->-r requirements.txt (line 3)) (1.62.3)
Requirement already satisfied: pyasn1<0.7.0,>=0.4.6 in ./venv/lib/python3.12/site-packages (from pyasn1-modules>=0.2.1->google-auth->google-generativeai==0.3.2->-r requirements.txt (line 3)) (0.6.1)

[notice] A new release of pip is available: 24.0 -> 25.0.1
[notice] To update, run: pip install --upgrade pip
Backend started with PID 64780
Starting Nginx...
Nginx started

========================================
FinWise is now running!
========================================

Local access: http://10.0.0.96:9080
Local access (alternative): http://localhost:9080

External access (requires port forwarding):
http://73.158.72.252:9080
or
http://finwise.rerecreation.us:9080 (after DNS configuration)

Backend logs: /Users/darshan/Projects/gem_chat/logs/backend.log
Nginx logs: /Users/darshan/Projects/gem_chat/var/logs/nginx/error.log
To stop: ./finwise-stop.sh

Press Ctrl+C to stop the server...
